In file included from c_base.c:3:0:
c_botnav.h:3:0: warning: "INFINITY" redefined [enabled by default]
 #define  INFINITY   65535
 ^
In file included from /usr/include/math.h:39:0,
                 from q_shared.h:16,
                 from g_local.h:3,
                 from c_base.c:1:
/usr/include/bits/inf.h:26:0: note: this is the location of the previous definition
 # define INFINITY (__builtin_inff())
 ^
c_base.c: In function ‘bprintf2’:
c_base.c:964:7: warning: variable ‘len’ set but not used [-Wunused-but-set-variable]
  int  len;
       ^
c_base.c: In function ‘cprintf2’:
c_base.c:988:7: warning: variable ‘len’ set but not used [-Wunused-but-set-variable]
  int  len;
       ^
c_base.c: In function ‘nprintf’:
c_base.c:1008:7: warning: variable ‘len’ set but not used [-Wunused-but-set-variable]
  int  len;
       ^
c_base.c: In function ‘ThrowUpNow’:
c_base.c:1070:16: warning: comparisons like ‘X<=Y<=Z’ do not have their mathematical meaning [-Wparentheses]
  else if (0.25 <= rn < 0.5)
                ^
c_base.c:1072:15: warning: comparisons like ‘X<=Y<=Z’ do not have their mathematical meaning [-Wparentheses]
  else if (0.5 <= rn < 0.75)
               ^
In file included from c_botai.c:4:0:
c_botnav.h:3:0: warning: "INFINITY" redefined [enabled by default]
 #define  INFINITY   65535
 ^
In file included from /usr/include/math.h:39:0,
                 from q_shared.h:16,
                 from g_local.h:3,
                 from c_botai.c:1:
/usr/include/bits/inf.h:26:0: note: this is the location of the previous definition
 # define INFINITY (__builtin_inff())
 ^
c_botai.c: In function ‘Bot_Think’:
c_botai.c:617:8: warning: variable ‘lastnodeflag’ set but not used [-Wunused-but-set-variable]
    int lastnodeflag = NORMAL_NODE;
        ^
c_botai.c:833:9: warning: variable ‘dist’ set but not used [-Wunused-but-set-variable]
   vec_t dist;
         ^
c_botai.c: In function ‘Bot_Say’:
c_botai.c:2018:7: warning: variable ‘len’ set but not used [-Wunused-but-set-variable]
  int  len;
       ^
In file included from c_botnav.c:3:0:
c_botnav.h:3:0: warning: "INFINITY" redefined [enabled by default]
 #define  INFINITY   65535
 ^
In file included from /usr/include/math.h:39:0,
                 from q_shared.h:16,
                 from g_local.h:3,
                 from c_botnav.c:1:
/usr/include/bits/inf.h:26:0: note: this is the location of the previous definition
 # define INFINITY (__builtin_inff())
 ^
c_botprofiles.c: In function ‘Bot_InitProfiles’:
c_botprofiles.c:23:3: warning: format ‘%s’ expects argument of type ‘char *’, but argument 2 has type ‘char **’ [-Wformat=]
   printf(" - Adding %s Bot", &botprofiles[i].name);
   ^
c_botprofiles.c:25:3: warning: implicit declaration of function ‘Bot_Create’ [-Wimplicit-function-declaration]
   Bot_Create(&botprofiles[i].skill, &botprofiles[i].team, &botprofiles[i].name, &botprofiles[i].skin);
   ^
c_botprofiles.c: In function ‘Bot_LoadProfiles’:
c_botprofiles.c:55:3: warning: ‘return’ with a value, in function returning void [enabled by default]
   return false;
   ^
c_botprofiles.c:75:4: warning: ‘return’ with a value, in function returning void [enabled by default]
    return true;
    ^
c_botprofiles.c:147:2: warning: ‘return’ with a value, in function returning void [enabled by default]
  return true;
  ^
c_botprofiles.c:35:19: warning: unused variable ‘params_index’ [-Wunused-variable]
  int  line, i, s, params_index;
                   ^
c_weapon.c: In function ‘Valid_Target’:
c_weapon.c:3992:5: warning: variable ‘dummy’ set but not used [-Wunused-but-set-variable]
 int dummy;
     ^
In file included from g_ctf.c:1:0:
g_ctf.c: In function ‘SelectCTFSpawnPoint’:
g_local.h:487:17: warning: cast from pointer to integer of different size [-Wpointer-to-int-cast]
 #define FOFS(x) (int)&(((edict_t *)0)->x)
                 ^
g_ctf.c:398:31: note: in expansion of macro ‘FOFS’
  while ((spot = G_Find (spot, FOFS(classname), cname)) != NULL)
                               ^
g_local.h:487:17: warning: cast from pointer to integer of different size [-Wpointer-to-int-cast]
 #define FOFS(x) (int)&(((edict_t *)0)->x)
                 ^
g_ctf.c:429:24: note: in expansion of macro ‘FOFS’
   spot = G_Find (spot, FOFS(classname), cname);
                        ^
g_ctf.c: In function ‘CTFFragBonuses’:
g_local.h:487:17: warning: cast from pointer to integer of different size [-Wpointer-to-int-cast]
 #define FOFS(x) (int)&(((edict_t *)0)->x)
                 ^
g_ctf.c:537:31: note: in expansion of macro ‘FOFS’
  while ((flag = G_Find (flag, FOFS(classname), c)) != NULL) {
                               ^
g_ctf.c: In function ‘CTFResetFlag’:
g_local.h:487:17: warning: cast from pointer to integer of different size [-Wpointer-to-int-cast]
 #define FOFS(x) (int)&(((edict_t *)0)->x)
                 ^
g_ctf.c:651:29: note: in expansion of macro ‘FOFS’
  while ((ent = G_Find (ent, FOFS(classname), c)) != NULL) {
                             ^
g_ctf.c: In function ‘SetCTFStats’:
g_local.h:487:17: warning: cast from pointer to integer of different size [-Wpointer-to-int-cast]
 #define FOFS(x) (int)&(((edict_t *)0)->x)
                 ^
g_ctf.c:1075:19: note: in expansion of macro ‘FOFS’
  e = G_Find(NULL, FOFS(classname), "item_flag_team1");
                   ^
g_local.h:487:17: warning: cast from pointer to integer of different size [-Wpointer-to-int-cast]
 #define FOFS(x) (int)&(((edict_t *)0)->x)
                 ^
g_ctf.c:1094:19: note: in expansion of macro ‘FOFS’
  e = G_Find(NULL, FOFS(classname), "item_flag_team2");
                   ^
g_ctf.c: In function ‘FindTechSpawn’:
g_local.h:487:17: warning: cast from pointer to integer of different size [-Wpointer-to-int-cast]
 #define FOFS(x) (int)&(((edict_t *)0)->x)
                 ^
g_ctf.c:1513:24: note: in expansion of macro ‘FOFS’
   spot = G_Find (spot, FOFS(classname), "info_player_deathmatch");
                        ^
g_local.h:487:17: warning: cast from pointer to integer of different size [-Wpointer-to-int-cast]
 #define FOFS(x) (int)&(((edict_t *)0)->x)
                 ^
g_ctf.c:1515:24: note: in expansion of macro ‘FOFS’
   spot = G_Find (spot, FOFS(classname), "info_player_deathmatch");
                        ^
g_ctf.c: In function ‘CTFSay_Team_Location’:
g_local.h:487:17: warning: cast from pointer to integer of different size [-Wpointer-to-int-cast]
 #define FOFS(x) (int)&(((edict_t *)0)->x)
                 ^
g_ctf.c:1879:30: note: in expansion of macro ‘FOFS’
  while ((what = G_Find(what, FOFS(classname), hot->classname)) != NULL) {
                              ^
g_local.h:487:17: warning: cast from pointer to integer of different size [-Wpointer-to-int-cast]
 #define FOFS(x) (int)&(((edict_t *)0)->x)
                 ^
g_ctf.c:1884:29: note: in expansion of macro ‘FOFS’
   if ((flag1 = G_Find(NULL, FOFS(classname), "item_flag_team1")) != NULL &&
                             ^
g_local.h:487:17: warning: cast from pointer to integer of different size [-Wpointer-to-int-cast]
 #define FOFS(x) (int)&(((edict_t *)0)->x)
                 ^
g_ctf.c:1885:26: note: in expansion of macro ‘FOFS’
    (flag2 = G_Find(NULL, FOFS(classname), "item_flag_team2")) != NULL) {
                          ^
g_ctf.c: In function ‘old_teleporter_touch’:
g_local.h:487:17: warning: cast from pointer to integer of different size [-Wpointer-to-int-cast]
 #define FOFS(x) (int)&(((edict_t *)0)->x)
                 ^
g_ctf.c:2436:23: note: in expansion of macro ‘FOFS’
  dest = G_Find (NULL, FOFS(targetname), self->target);
                       ^
In file included from g_func.c:2:0:
c_botnav.h:3:0: warning: "INFINITY" redefined [enabled by default]
 #define  INFINITY   65535
 ^
In file included from /usr/include/math.h:39:0,
                 from q_shared.h:16,
                 from g_local.h:3,
                 from g_func.c:1:
/usr/include/bits/inf.h:26:0: note: this is the location of the previous definition
 # define INFINITY (__builtin_inff())
 ^
In file included from g_func.c:1:0:
g_func.c: In function ‘door_use_areaportals’:
g_local.h:487:17: warning: cast from pointer to integer of different size [-Wpointer-to-int-cast]
 #define FOFS(x) (int)&(((edict_t *)0)->x)
                 ^
g_func.c:894:25: note: in expansion of macro ‘FOFS’
  while ((t = G_Find (t, FOFS(targetname), self->target)))
                         ^
In file included from g_items.c:4:0:
c_botnav.h:3:0: warning: "INFINITY" redefined [enabled by default]
 #define  INFINITY   65535
 ^
In file included from /usr/include/math.h:39:0,
                 from q_shared.h:16,
                 from g_local.h:3,
                 from g_items.c:1:
/usr/include/bits/inf.h:26:0: note: this is the location of the previous definition
 # define INFINITY (__builtin_inff())
 ^
In file included from g_main.c:1:0:
g_main.c: In function ‘EndDMLevel’:
g_local.h:487:17: warning: cast from pointer to integer of different size [-Wpointer-to-int-cast]
 #define FOFS(x) (int)&(((edict_t *)0)->x)
                 ^
g_main.c:237:23: note: in expansion of macro ‘FOFS’
   ent = G_Find (NULL, FOFS(classname), "target_changelevel");
                       ^
In file included from g_misc.c:4:0:
c_botnav.h:3:0: warning: "INFINITY" redefined [enabled by default]
 #define  INFINITY   65535
 ^
In file included from /usr/include/math.h:39:0,
                 from q_shared.h:16,
                 from g_local.h:3,
                 from g_misc.c:3:
/usr/include/bits/inf.h:26:0: note: this is the location of the previous definition
 # define INFINITY (__builtin_inff())
 ^
g_misc.c: In function ‘BecomeExplosion1’:
g_misc.c:249:8: warning: implicit declaration of function ‘DoRespawn’ [-Wimplicit-function-declaration]
        DoRespawn(self); // this frees self!
        ^
In file included from g_misc.c:3:0:
g_misc.c: In function ‘misc_viper_bomb_use’:
g_local.h:487:17: warning: cast from pointer to integer of different size [-Wpointer-to-int-cast]
 #define FOFS(x) (int)&(((edict_t *)0)->x)
                 ^
g_misc.c:931:24: note: in expansion of macro ‘FOFS’
  viper = G_Find (NULL, FOFS(classname), "misc_viper");
                        ^
g_misc.c: In function ‘func_clock_think’:
g_local.h:487:17: warning: cast from pointer to integer of different size [-Wpointer-to-int-cast]
 #define FOFS(x) (int)&(((edict_t *)0)->x)
                 ^
g_misc.c:1239:31: note: in expansion of macro ‘FOFS’
   self->enemy = G_Find (NULL, FOFS(targetname), self->target);
                               ^
g_misc.c: In function ‘teleporter_touch’:
g_local.h:487:17: warning: cast from pointer to integer of different size [-Wpointer-to-int-cast]
 #define FOFS(x) (int)&(((edict_t *)0)->x)
                 ^
g_misc.c:1351:23: note: in expansion of macro ‘FOFS’
  dest = G_Find (NULL, FOFS(targetname), self->target);
                       ^
In file included from g_save.c:1:0:
g_local.h:487:17: warning: cast from pointer to integer of different size [-Wpointer-to-int-cast]
 #define FOFS(x) (int)&(((edict_t *)0)->x)
                 ^
g_save.c:11:16: note: in expansion of macro ‘FOFS’
  {"classname", FOFS(classname), F_LSTRING},
                ^
g_local.h:487:17: warning: cast from pointer to integer of different size [-Wpointer-to-int-cast]
 #define FOFS(x) (int)&(((edict_t *)0)->x)
                 ^
g_save.c:12:13: note: in expansion of macro ‘FOFS’
  {"origin", FOFS(s.origin), F_VECTOR},
             ^
g_local.h:487:17: warning: cast from pointer to integer of different size [-Wpointer-to-int-cast]
 #define FOFS(x) (int)&(((edict_t *)0)->x)
                 ^
g_save.c:13:12: note: in expansion of macro ‘FOFS’
  {"model", FOFS(model), F_LSTRING},
            ^
g_local.h:487:17: warning: cast from pointer to integer of different size [-Wpointer-to-int-cast]
 #define FOFS(x) (int)&(((edict_t *)0)->x)
                 ^
g_save.c:14:17: note: in expansion of macro ‘FOFS’
  {"spawnflags", FOFS(spawnflags), F_INT},
                 ^
g_local.h:487:17: warning: cast from pointer to integer of different size [-Wpointer-to-int-cast]
 #define FOFS(x) (int)&(((edict_t *)0)->x)
                 ^
g_save.c:15:12: note: in expansion of macro ‘FOFS’
  {"speed", FOFS(speed), F_FLOAT},
            ^
g_local.h:487:17: warning: cast from pointer to integer of different size [-Wpointer-to-int-cast]
 #define FOFS(x) (int)&(((edict_t *)0)->x)
                 ^
g_save.c:16:12: note: in expansion of macro ‘FOFS’
  {"accel", FOFS(accel), F_FLOAT},
            ^
g_local.h:487:17: warning: cast from pointer to integer of different size [-Wpointer-to-int-cast]
 #define FOFS(x) (int)&(((edict_t *)0)->x)
                 ^
g_save.c:17:12: note: in expansion of macro ‘FOFS’
  {"decel", FOFS(decel), F_FLOAT},
            ^
g_local.h:487:17: warning: cast from pointer to integer of different size [-Wpointer-to-int-cast]
 #define FOFS(x) (int)&(((edict_t *)0)->x)
                 ^
g_save.c:18:13: note: in expansion of macro ‘FOFS’
  {"target", FOFS(target), F_LSTRING},
             ^
g_local.h:487:17: warning: cast from pointer to integer of different size [-Wpointer-to-int-cast]
 #define FOFS(x) (int)&(((edict_t *)0)->x)
                 ^
g_save.c:19:17: note: in expansion of macro ‘FOFS’
  {"targetname", FOFS(targetname), F_LSTRING},
                 ^
g_local.h:487:17: warning: cast from pointer to integer of different size [-Wpointer-to-int-cast]
 #define FOFS(x) (int)&(((edict_t *)0)->x)
                 ^
g_save.c:20:17: note: in expansion of macro ‘FOFS’
  {"pathtarget", FOFS(pathtarget), F_LSTRING},
                 ^
g_local.h:487:17: warning: cast from pointer to integer of different size [-Wpointer-to-int-cast]
 #define FOFS(x) (int)&(((edict_t *)0)->x)
                 ^
g_save.c:21:18: note: in expansion of macro ‘FOFS’
  {"deathtarget", FOFS(deathtarget), F_LSTRING},
                  ^
g_local.h:487:17: warning: cast from pointer to integer of different size [-Wpointer-to-int-cast]
 #define FOFS(x) (int)&(((edict_t *)0)->x)
                 ^
g_save.c:22:17: note: in expansion of macro ‘FOFS’
  {"killtarget", FOFS(killtarget), F_LSTRING},
                 ^
g_local.h:487:17: warning: cast from pointer to integer of different size [-Wpointer-to-int-cast]
 #define FOFS(x) (int)&(((edict_t *)0)->x)
                 ^
g_save.c:23:19: note: in expansion of macro ‘FOFS’
  {"combattarget", FOFS(combattarget), F_LSTRING},
                   ^
g_local.h:487:17: warning: cast from pointer to integer of different size [-Wpointer-to-int-cast]
 #define FOFS(x) (int)&(((edict_t *)0)->x)
                 ^
g_save.c:24:14: note: in expansion of macro ‘FOFS’
  {"message", FOFS(message), F_LSTRING},
              ^
g_local.h:487:17: warning: cast from pointer to integer of different size [-Wpointer-to-int-cast]
 #define FOFS(x) (int)&(((edict_t *)0)->x)
                 ^
g_save.c:25:11: note: in expansion of macro ‘FOFS’
  {"team", FOFS(team), F_LSTRING},
           ^
g_local.h:487:17: warning: cast from pointer to integer of different size [-Wpointer-to-int-cast]
 #define FOFS(x) (int)&(((edict_t *)0)->x)
                 ^
g_save.c:26:11: note: in expansion of macro ‘FOFS’
  {"wait", FOFS(wait), F_FLOAT},
           ^
g_local.h:487:17: warning: cast from pointer to integer of different size [-Wpointer-to-int-cast]
 #define FOFS(x) (int)&(((edict_t *)0)->x)
                 ^
g_save.c:27:12: note: in expansion of macro ‘FOFS’
  {"delay", FOFS(delay), F_FLOAT},
            ^
g_local.h:487:17: warning: cast from pointer to integer of different size [-Wpointer-to-int-cast]
 #define FOFS(x) (int)&(((edict_t *)0)->x)
                 ^
g_save.c:28:13: note: in expansion of macro ‘FOFS’
  {"random", FOFS(random), F_FLOAT},
             ^
g_local.h:487:17: warning: cast from pointer to integer of different size [-Wpointer-to-int-cast]
 #define FOFS(x) (int)&(((edict_t *)0)->x)
                 ^
g_save.c:29:18: note: in expansion of macro ‘FOFS’
  {"move_origin", FOFS(move_origin), F_VECTOR},
                  ^
g_local.h:487:17: warning: cast from pointer to integer of different size [-Wpointer-to-int-cast]
 #define FOFS(x) (int)&(((edict_t *)0)->x)
                 ^
g_save.c:30:18: note: in expansion of macro ‘FOFS’
  {"move_angles", FOFS(move_angles), F_VECTOR},
                  ^
g_local.h:487:17: warning: cast from pointer to integer of different size [-Wpointer-to-int-cast]
 #define FOFS(x) (int)&(((edict_t *)0)->x)
                 ^
g_save.c:31:12: note: in expansion of macro ‘FOFS’
  {"style", FOFS(style), F_INT},
            ^
g_local.h:487:17: warning: cast from pointer to integer of different size [-Wpointer-to-int-cast]
 #define FOFS(x) (int)&(((edict_t *)0)->x)
                 ^
g_save.c:32:12: note: in expansion of macro ‘FOFS’
  {"count", FOFS(count), F_INT},
            ^
g_local.h:487:17: warning: cast from pointer to integer of different size [-Wpointer-to-int-cast]
 #define FOFS(x) (int)&(((edict_t *)0)->x)
                 ^
g_save.c:33:13: note: in expansion of macro ‘FOFS’
  {"health", FOFS(health), F_INT},
             ^
g_local.h:487:17: warning: cast from pointer to integer of different size [-Wpointer-to-int-cast]
 #define FOFS(x) (int)&(((edict_t *)0)->x)
                 ^
g_save.c:34:13: note: in expansion of macro ‘FOFS’
  {"sounds", FOFS(sounds), F_INT},
             ^
g_local.h:487:17: warning: cast from pointer to integer of different size [-Wpointer-to-int-cast]
 #define FOFS(x) (int)&(((edict_t *)0)->x)
                 ^
g_save.c:36:10: note: in expansion of macro ‘FOFS’
  {"dmg", FOFS(dmg), F_INT},
          ^
g_local.h:487:17: warning: cast from pointer to integer of different size [-Wpointer-to-int-cast]
 #define FOFS(x) (int)&(((edict_t *)0)->x)
                 ^
g_save.c:37:13: note: in expansion of macro ‘FOFS’
  {"angles", FOFS(s.angles), F_VECTOR},
             ^
g_local.h:487:17: warning: cast from pointer to integer of different size [-Wpointer-to-int-cast]
 #define FOFS(x) (int)&(((edict_t *)0)->x)
                 ^
g_save.c:38:12: note: in expansion of macro ‘FOFS’
  {"angle", FOFS(s.angles), F_ANGLEHACK},
            ^
g_local.h:487:17: warning: cast from pointer to integer of different size [-Wpointer-to-int-cast]
 #define FOFS(x) (int)&(((edict_t *)0)->x)
                 ^
g_save.c:39:11: note: in expansion of macro ‘FOFS’
  {"mass", FOFS(mass), F_INT},
           ^
g_local.h:487:17: warning: cast from pointer to integer of different size [-Wpointer-to-int-cast]
 #define FOFS(x) (int)&(((edict_t *)0)->x)
                 ^
g_save.c:40:13: note: in expansion of macro ‘FOFS’
  {"volume", FOFS(volume), F_FLOAT},
             ^
g_local.h:487:17: warning: cast from pointer to integer of different size [-Wpointer-to-int-cast]
 #define FOFS(x) (int)&(((edict_t *)0)->x)
                 ^
g_save.c:41:18: note: in expansion of macro ‘FOFS’
  {"attenuation", FOFS(attenuation), F_FLOAT},
                  ^
g_local.h:487:17: warning: cast from pointer to integer of different size [-Wpointer-to-int-cast]
 #define FOFS(x) (int)&(((edict_t *)0)->x)
                 ^
g_save.c:42:10: note: in expansion of macro ‘FOFS’
  {"map", FOFS(map), F_LSTRING},
          ^
g_local.h:488:18: warning: cast from pointer to integer of different size [-Wpointer-to-int-cast]
 #define STOFS(x) (int)&(((spawn_temp_t *)0)->x)
                  ^
g_save.c:45:10: note: in expansion of macro ‘STOFS’
  {"lip", STOFS(lip), F_INT, FFL_SPAWNTEMP},
          ^
g_local.h:488:18: warning: cast from pointer to integer of different size [-Wpointer-to-int-cast]
 #define STOFS(x) (int)&(((spawn_temp_t *)0)->x)
                  ^
g_save.c:46:15: note: in expansion of macro ‘STOFS’
  {"distance", STOFS(distance), F_INT, FFL_SPAWNTEMP},
               ^
g_local.h:488:18: warning: cast from pointer to integer of different size [-Wpointer-to-int-cast]
 #define STOFS(x) (int)&(((spawn_temp_t *)0)->x)
                  ^
g_save.c:47:13: note: in expansion of macro ‘STOFS’
  {"height", STOFS(height), F_INT, FFL_SPAWNTEMP},
             ^
g_local.h:488:18: warning: cast from pointer to integer of different size [-Wpointer-to-int-cast]
 #define STOFS(x) (int)&(((spawn_temp_t *)0)->x)
                  ^
g_save.c:48:12: note: in expansion of macro ‘STOFS’
  {"noise", STOFS(noise), F_LSTRING, FFL_SPAWNTEMP},
            ^
g_local.h:488:18: warning: cast from pointer to integer of different size [-Wpointer-to-int-cast]
 #define STOFS(x) (int)&(((spawn_temp_t *)0)->x)
                  ^
g_save.c:49:16: note: in expansion of macro ‘STOFS’
  {"pausetime", STOFS(pausetime), F_FLOAT, FFL_SPAWNTEMP},
                ^
g_local.h:488:18: warning: cast from pointer to integer of different size [-Wpointer-to-int-cast]
 #define STOFS(x) (int)&(((spawn_temp_t *)0)->x)
                  ^
g_save.c:50:11: note: in expansion of macro ‘STOFS’
  {"item", STOFS(item), F_LSTRING, FFL_SPAWNTEMP},
           ^
g_local.h:488:18: warning: cast from pointer to integer of different size [-Wpointer-to-int-cast]
 #define STOFS(x) (int)&(((spawn_temp_t *)0)->x)
                  ^
g_save.c:51:14: note: in expansion of macro ‘STOFS’
  {"gravity", STOFS(gravity), F_LSTRING, FFL_SPAWNTEMP},
              ^
g_local.h:488:18: warning: cast from pointer to integer of different size [-Wpointer-to-int-cast]
 #define STOFS(x) (int)&(((spawn_temp_t *)0)->x)
                  ^
g_save.c:52:10: note: in expansion of macro ‘STOFS’
  {"sky", STOFS(sky), F_LSTRING, FFL_SPAWNTEMP},
          ^
g_local.h:488:18: warning: cast from pointer to integer of different size [-Wpointer-to-int-cast]
 #define STOFS(x) (int)&(((spawn_temp_t *)0)->x)
                  ^
g_save.c:53:16: note: in expansion of macro ‘STOFS’
  {"skyrotate", STOFS(skyrotate), F_FLOAT, FFL_SPAWNTEMP},
                ^
g_local.h:488:18: warning: cast from pointer to integer of different size [-Wpointer-to-int-cast]
 #define STOFS(x) (int)&(((spawn_temp_t *)0)->x)
                  ^
g_save.c:54:14: note: in expansion of macro ‘STOFS’
  {"skyaxis", STOFS(skyaxis), F_VECTOR, FFL_SPAWNTEMP},
              ^
g_local.h:488:18: warning: cast from pointer to integer of different size [-Wpointer-to-int-cast]
 #define STOFS(x) (int)&(((spawn_temp_t *)0)->x)
                  ^
g_save.c:55:13: note: in expansion of macro ‘STOFS’
  {"minyaw", STOFS(minyaw), F_FLOAT, FFL_SPAWNTEMP},
             ^
g_local.h:488:18: warning: cast from pointer to integer of different size [-Wpointer-to-int-cast]
 #define STOFS(x) (int)&(((spawn_temp_t *)0)->x)
                  ^
g_save.c:56:13: note: in expansion of macro ‘STOFS’
  {"maxyaw", STOFS(maxyaw), F_FLOAT, FFL_SPAWNTEMP},
             ^
g_local.h:488:18: warning: cast from pointer to integer of different size [-Wpointer-to-int-cast]
 #define STOFS(x) (int)&(((spawn_temp_t *)0)->x)
                  ^
g_save.c:57:15: note: in expansion of macro ‘STOFS’
  {"minpitch", STOFS(minpitch), F_FLOAT, FFL_SPAWNTEMP},
               ^
g_local.h:488:18: warning: cast from pointer to integer of different size [-Wpointer-to-int-cast]
 #define STOFS(x) (int)&(((spawn_temp_t *)0)->x)
                  ^
g_save.c:58:15: note: in expansion of macro ‘STOFS’
  {"maxpitch", STOFS(maxpitch), F_FLOAT, FFL_SPAWNTEMP},
               ^
g_local.h:488:18: warning: cast from pointer to integer of different size [-Wpointer-to-int-cast]
 #define STOFS(x) (int)&(((spawn_temp_t *)0)->x)
                  ^
g_save.c:59:14: note: in expansion of macro ‘STOFS’
  {"nextmap", STOFS(nextmap), F_LSTRING, FFL_SPAWNTEMP}
              ^
g_local.h:489:18: warning: cast from pointer to integer of different size [-Wpointer-to-int-cast]
 #define LLOFS(x) (int)&(((level_locals_t *)0)->x)
                  ^
g_save.c:64:7: note: in expansion of macro ‘LLOFS’
  {"", LLOFS(changemap), F_LSTRING},
       ^
g_local.h:489:18: warning: cast from pointer to integer of different size [-Wpointer-to-int-cast]
 #define LLOFS(x) (int)&(((level_locals_t *)0)->x)
                  ^
g_save.c:66:7: note: in expansion of macro ‘LLOFS’
  {"", LLOFS(sight_client), F_EDICT},
       ^
g_local.h:489:18: warning: cast from pointer to integer of different size [-Wpointer-to-int-cast]
 #define LLOFS(x) (int)&(((level_locals_t *)0)->x)
                  ^
g_save.c:67:7: note: in expansion of macro ‘LLOFS’
  {"", LLOFS(sight_entity), F_EDICT},
       ^
g_local.h:489:18: warning: cast from pointer to integer of different size [-Wpointer-to-int-cast]
 #define LLOFS(x) (int)&(((level_locals_t *)0)->x)
                  ^
g_save.c:68:7: note: in expansion of macro ‘LLOFS’
  {"", LLOFS(sound_entity), F_EDICT},
       ^
g_local.h:489:18: warning: cast from pointer to integer of different size [-Wpointer-to-int-cast]
 #define LLOFS(x) (int)&(((level_locals_t *)0)->x)
                  ^
g_save.c:69:7: note: in expansion of macro ‘LLOFS’
  {"", LLOFS(sound2_entity), F_EDICT},
       ^
g_local.h:490:18: warning: cast from pointer to integer of different size [-Wpointer-to-int-cast]
 #define CLOFS(x) (int)&(((gclient_t *)0)->x)
                  ^
g_save.c:76:7: note: in expansion of macro ‘CLOFS’
  {"", CLOFS(pers.weapon), F_ITEM},
       ^
g_local.h:490:18: warning: cast from pointer to integer of different size [-Wpointer-to-int-cast]
 #define CLOFS(x) (int)&(((gclient_t *)0)->x)
                  ^
g_save.c:77:7: note: in expansion of macro ‘CLOFS’
  {"", CLOFS(pers.lastweapon), F_ITEM},
       ^
g_local.h:490:18: warning: cast from pointer to integer of different size [-Wpointer-to-int-cast]
 #define CLOFS(x) (int)&(((gclient_t *)0)->x)
                  ^
g_save.c:78:7: note: in expansion of macro ‘CLOFS’
  {"", CLOFS(newweapon), F_ITEM},
       ^
In file included from g_spawn.c:3:0:
c_botnav.h:3:0: warning: "INFINITY" redefined [enabled by default]
 #define  INFINITY   65535
 ^
In file included from /usr/include/math.h:39:0,
                 from q_shared.h:16,
                 from g_local.h:3,
                 from g_spawn.c:1:
/usr/include/bits/inf.h:26:0: note: this is the location of the previous definition
 # define INFINITY (__builtin_inff())
 ^
g_spawn.c: In function ‘SP_worldspawn’:
g_spawn.c:1032:2: warning: implicit declaration of function ‘Bot_LoadProfiles’ [-Wimplicit-function-declaration]
  Bot_LoadProfiles();
  ^
g_target.c: In function ‘use_target_blaster’:
g_target.c:337:6: warning: variable ‘effect’ set but not used [-Wunused-but-set-variable]
  int effect;
      ^
In file included from g_target.c:1:0:
g_target.c: In function ‘target_laser_start’:
g_local.h:487:17: warning: cast from pointer to integer of different size [-Wpointer-to-int-cast]
 #define FOFS(x) (int)&(((edict_t *)0)->x)
                 ^
g_target.c:573:24: note: in expansion of macro ‘FOFS’
    ent = G_Find (NULL, FOFS(targetname), self->target);
                        ^
g_target.c: In function ‘target_lightramp_use’:
g_local.h:487:17: warning: cast from pointer to integer of different size [-Wpointer-to-int-cast]
 #define FOFS(x) (int)&(((edict_t *)0)->x)
                 ^
g_target.c:646:19: note: in expansion of macro ‘FOFS’
    e = G_Find (e, FOFS(targetname), self->target);
                   ^
In file included from g_utils.c:3:0:
g_utils.c: In function ‘G_PickTarget’:
g_local.h:487:17: warning: cast from pointer to integer of different size [-Wpointer-to-int-cast]
 #define FOFS(x) (int)&(((edict_t *)0)->x)
                 ^
g_utils.c:113:22: note: in expansion of macro ‘FOFS’
   ent = G_Find (ent, FOFS(targetname), targetname);
                      ^
g_utils.c: In function ‘G_UseTargets’:
g_local.h:487:17: warning: cast from pointer to integer of different size [-Wpointer-to-int-cast]
 #define FOFS(x) (int)&(((edict_t *)0)->x)
                 ^
g_utils.c:197:26: note: in expansion of macro ‘FOFS’
   while ((t = G_Find (t, FOFS(targetname), ent->killtarget)))
                          ^
g_local.h:487:17: warning: cast from pointer to integer of different size [-Wpointer-to-int-cast]
 #define FOFS(x) (int)&(((edict_t *)0)->x)
                 ^
g_utils.c:216:26: note: in expansion of macro ‘FOFS’
   while ((t = G_Find (t, FOFS(targetname), ent->target)))
                          ^
In file included from p_client.c:6:0:
c_botnav.h:3:0: warning: "INFINITY" redefined [enabled by default]
 #define  INFINITY   65535
 ^
In file included from /usr/include/math.h:39:0,
                 from q_shared.h:16,
                 from g_local.h:3,
                 from p_client.c:1:
/usr/include/bits/inf.h:26:0: note: this is the location of the previous definition
 # define INFINITY (__builtin_inff())
 ^
In file included from p_client.c:1:0:
p_client.c: In function ‘SP_FixCoopSpots’:
g_local.h:487:17: warning: cast from pointer to integer of different size [-Wpointer-to-int-cast]
 #define FOFS(x) (int)&(((edict_t *)0)->x)
                 ^
p_client.c:37:23: note: in expansion of macro ‘FOFS’
   spot = G_Find(spot, FOFS(classname), "info_player_start");
                       ^
p_client.c: In function ‘SelectRandomDeathmatchSpawnPoint’:
g_local.h:487:17: warning: cast from pointer to integer of different size [-Wpointer-to-int-cast]
 #define FOFS(x) (int)&(((edict_t *)0)->x)
                 ^
p_client.c:1182:31: note: in expansion of macro ‘FOFS’
  while ((spot = G_Find (spot, FOFS(classname), "info_player_deathmatch")) != NULL)
                               ^
g_local.h:487:17: warning: cast from pointer to integer of different size [-Wpointer-to-int-cast]
 #define FOFS(x) (int)&(((edict_t *)0)->x)
                 ^
p_client.c:1213:24: note: in expansion of macro ‘FOFS’
   spot = G_Find (spot, FOFS(classname), "info_player_deathmatch");
                        ^
p_client.c: In function ‘SelectFarthestDeathmatchSpawnPoint’:
g_local.h:487:17: warning: cast from pointer to integer of different size [-Wpointer-to-int-cast]
 #define FOFS(x) (int)&(((edict_t *)0)->x)
                 ^
p_client.c:1237:31: note: in expansion of macro ‘FOFS’
  while ((spot = G_Find (spot, FOFS(classname), "info_player_deathmatch")) != NULL)
                               ^
g_local.h:487:17: warning: cast from pointer to integer of different size [-Wpointer-to-int-cast]
 #define FOFS(x) (int)&(((edict_t *)0)->x)
                 ^
p_client.c:1255:23: note: in expansion of macro ‘FOFS’
  spot = G_Find (NULL, FOFS(classname), "info_player_deathmatch");
                       ^
p_client.c: In function ‘SelectCoopSpawnPoint’:
g_local.h:487:17: warning: cast from pointer to integer of different size [-Wpointer-to-int-cast]
 #define FOFS(x) (int)&(((edict_t *)0)->x)
                 ^
p_client.c:1286:24: note: in expansion of macro ‘FOFS’
   spot = G_Find (spot, FOFS(classname), "info_player_coop");
                        ^
p_client.c: In function ‘SelectSpawnPoint’:
g_local.h:487:17: warning: cast from pointer to integer of different size [-Wpointer-to-int-cast]
 #define FOFS(x) (int)&(((edict_t *)0)->x)
                 ^
p_client.c:1330:32: note: in expansion of macro ‘FOFS’
   while ((spot = G_Find (spot, FOFS(classname), "info_player_start")) != NULL)
                                ^
g_local.h:487:17: warning: cast from pointer to integer of different size [-Wpointer-to-int-cast]
 #define FOFS(x) (int)&(((edict_t *)0)->x)
                 ^
p_client.c:1346:26: note: in expansion of macro ‘FOFS’
     spot = G_Find (spot, FOFS(classname), "info_player_start");
                          ^
In file included from p_hud.c:1:0:
p_hud.c: In function ‘BeginIntermission’:
g_local.h:487:17: warning: cast from pointer to integer of different size [-Wpointer-to-int-cast]
 #define FOFS(x) (int)&(((edict_t *)0)->x)
                 ^
p_hud.c:143:22: note: in expansion of macro ‘FOFS’
  ent = G_Find (NULL, FOFS(classname), "info_player_intermission");
                      ^
g_local.h:487:17: warning: cast from pointer to integer of different size [-Wpointer-to-int-cast]
 #define FOFS(x) (int)&(((edict_t *)0)->x)
                 ^
p_hud.c:146:23: note: in expansion of macro ‘FOFS’
   ent = G_Find (NULL, FOFS(classname), "info_player_start");
                       ^
g_local.h:487:17: warning: cast from pointer to integer of different size [-Wpointer-to-int-cast]
 #define FOFS(x) (int)&(((edict_t *)0)->x)
                 ^
p_hud.c:148:24: note: in expansion of macro ‘FOFS’
    ent = G_Find (NULL, FOFS(classname), "info_player_deathmatch");
                        ^
g_local.h:487:17: warning: cast from pointer to integer of different size [-Wpointer-to-int-cast]
 #define FOFS(x) (int)&(((edict_t *)0)->x)
                 ^
p_hud.c:155:23: note: in expansion of macro ‘FOFS’
    ent = G_Find (ent, FOFS(classname), "info_player_intermission");
                       ^
g_local.h:487:17: warning: cast from pointer to integer of different size [-Wpointer-to-int-cast]
 #define FOFS(x) (int)&(((edict_t *)0)->x)
                 ^
p_hud.c:157:24: note: in expansion of macro ‘FOFS’
     ent = G_Find (ent, FOFS(classname), "info_player_intermission");
                        ^
p_hud.c: In function ‘DeathmatchScoreboardMessage’:
p_hud.c:201:7: warning: variable ‘picnum’ set but not used [-Wunused-but-set-variable]
  int  picnum;
       ^
q_shared.c: In function ‘Q_stricmp’:
q_shared.c:1167:2: warning: implicit declaration of function ‘strcasecmp’ [-Wimplicit-function-declaration]
  return strcasecmp (s1, s2);
  ^
stdlog.c: In function ‘_sl_LogDeathFlags’:
stdlog.c:205:5: warning: format ‘%u’ expects argument of type ‘unsigned int’, but argument 3 has type ‘long unsigned int’ [-Wformat=]
     fprintf( StdLogFile, "\t\tLogDeathFlags\t%ul\n", dmFlags );
     ^
stdlog.c: At top level:
stdlog.c:36:20: warning: ‘_unused_id_stdlog_c’ defined but not used [-Wunused-variable]
 static const char *_unused_id_stdlog_c = "$Id: stdlog.c,v 1.8 1999/09/11 21:47:01 major Exp $";
                    ^
stdlog.c:37:20: warning: ‘_unused_id_stdlog_h’ defined but not used [-Wunused-variable]
 static const char *_unused_id_stdlog_h = __STDLOG_ID__;
                    ^
